[debug] [2020-04-01T18:24:12.085Z] ----------------------------------------------------------------------
[debug] [2020-04-01T18:24:12.086Z] Command:       C:\Program Files\nodejs\node.exe C:\Users\Cast\AppData\Roaming\npm\node_modules\firebase-tools\lib\bin\firebase.js init
[debug] [2020-04-01T18:24:12.087Z] CLI Version:   8.0.0
[debug] [2020-04-01T18:24:12.087Z] Platform:      win32
[debug] [2020-04-01T18:24:12.087Z] Node Version:  v12.16.1
[debug] [2020-04-01T18:24:12.088Z] Time:          Wed Apr 01 2020 15:24:12 GMT-0300 (GMT-03:00)
[debug] [2020-04-01T18:24:12.088Z] ----------------------------------------------------------------------
[debug] [2020-04-01T18:24:12.088Z] 
[debug] [2020-04-01T18:24:12.094Z] > command requires scopes: ["email","openid","https://www.googleapis.com/auth/cloudplatformprojects.readonly","https://www.googleapis.com/auth/firebase","https://www.googleapis.com/auth/cloud-platform"]
[debug] [2020-04-01T18:24:12.094Z] > authorizing via signed-in user
[info] 
     ######## #### ########  ######## ########     ###     ######  ########
     ##        ##  ##     ## ##       ##     ##  ##   ##  ##       ##
     ######    ##  ########  ######   ########  #########  ######  ######
     ##        ##  ##    ##  ##       ##     ## ##     ##       ## ##
     ##       #### ##     ## ######## ########  ##     ##  ######  ########

You're about to initialize a Firebase project in this directory:

  C:\WSs\reactive-stack\reactive-front

Before we get started, keep in mind:

  * You are currently outside your home directory

